\BOOKMARK [1][-]{section.1}{Introduction}{}% 1
\BOOKMARK [1][-]{section.2}{Problem Formulation}{}% 2
\BOOKMARK [1][-]{section.3}{Exploratory data analysis}{}% 3
\BOOKMARK [1][-]{section.4}{Models and method}{}% 4
\BOOKMARK [2][-]{subsection.4.1}{Baseline}{section.4}% 5
\BOOKMARK [2][-]{subsection.4.2}{Scale rectification}{section.4}% 6
\BOOKMARK [2][-]{subsection.4.3}{Dataset augmentation}{section.4}% 7
\BOOKMARK [2][-]{subsection.4.4}{Chosen validation set}{section.4}% 8
\BOOKMARK [1][-]{section.5}{U-Net}{}% 9
\BOOKMARK [2][-]{subsection.5.1}{Conv2D}{section.5}% 10
\BOOKMARK [2][-]{subsection.5.2}{MaxPooling2D}{section.5}% 11
\BOOKMARK [2][-]{subsection.5.3}{Dropout}{section.5}% 12
\BOOKMARK [2][-]{subsection.5.4}{Optimizer and loss}{section.5}% 13
\BOOKMARK [1][-]{section.6}{Implementation details and training}{}% 14
\BOOKMARK [2][-]{subsection.6.1}{Code architecture}{section.6}% 15
\BOOKMARK [2][-]{subsection.6.2}{GPU Acceleration}{section.6}% 16
\BOOKMARK [3][-]{subsubsection.6.2.1}{Local training}{subsection.6.2}% 17
\BOOKMARK [3][-]{subsubsection.6.2.2}{Google Colab}{subsection.6.2}% 18
\BOOKMARK [1][-]{section.7}{Final results}{}% 19
\BOOKMARK [1][-]{section.8}{Discussion and future work}{}% 20
\BOOKMARK [1][-]{section*.1}{References}{}% 21
